<?xml version="1.0" encoding="UTF-8"?>
<testng-results ignored="0" total="1" passed="1" failed="0" skipped="0">
  <reporter-output>
  </reporter-output>
  <suite started-at="2023-04-21T10:17:46 IST" name="All Test Suite" finished-at="2023-04-21T10:18:14 IST" duration-ms="27836">
    <groups>
    </groups>
    <test started-at="2023-04-21T10:17:46 IST" name="C:/Users/kumar/IdeaProjects/WEBDRIVERCA4/src/test/java/org/example/AppTest.java" finished-at="2023-04-21T10:18:14 IST" duration-ms="27836">
      <class name="org.example.AppTest">
        <test-method is-config="true" signature="setupDriver()[pri:0, instance:org.example.AppTest@74e52303]" started-at="2023-04-21T10:17:46 IST" name="setupDriver" finished-at="2023-04-21T10:17:50 IST" duration-ms="3137" status="PASS">
          <reporter-output>
          </reporter-output>
        </test-method> <!-- setupDriver -->
        <test-method signature="Webdriverdropdownlogin()[pri:0, instance:org.example.AppTest@74e52303]" started-at="2023-04-21T10:17:50 IST" name="Webdriverdropdownlogin" finished-at="2023-04-21T10:18:14 IST" duration-ms="24566" status="PASS">
          <reporter-output>
          </reporter-output>
        </test-method> <!-- Webdriverdropdownlogin -->
        <test-method is-config="true" signature="closeDriver()[pri:0, instance:org.example.AppTest@74e52303]" started-at="2023-04-21T10:18:14 IST" name="closeDriver" finished-at="2023-04-21T10:18:14 IST" duration-ms="88" status="PASS">
          <reporter-output>
          </reporter-output>
        </test-method> <!-- closeDriver -->
      </class> <!-- org.example.AppTest -->
    </test> <!-- C:/Users/kumar/IdeaProjects/WEBDRIVERCA4/src/test/java/org/example/AppTest.java -->
  </suite> <!-- All Test Suite -->
</testng-results>
